<?xml version="1.0" encoding="UTF-8"?>
<testng-results skipped="0" failed="0" ignored="0" total="1" passed="1">
  <reporter-output>
  </reporter-output>
  <suite name="Surefire suite" duration-ms="3136" started-at="2021-03-14T11:55:54 IST" finished-at="2021-03-14T11:55:57 IST">
    <groups>
    </groups>
    <test name="Surefire test" duration-ms="3136" started-at="2021-03-14T11:55:54 IST" finished-at="2021-03-14T11:55:57 IST">
      <class name="mypack.Test1">
        <test-method status="PASS" signature="method()[pri:0, instance:mypack.Test1@79be0360]" name="method" duration-ms="3101" started-at="2021-03-14T11:55:54 IST" finished-at="2021-03-14T11:55:57 IST">
          <reporter-output>
          </reporter-output>
        </test-method> <!-- method -->
      </class> <!-- mypack.Test1 -->
    </test> <!-- Surefire test -->
  </suite> <!-- Surefire suite -->
</testng-results>
